# Nmap 7.95 scan initiated Mon Feb 24 11:12:44 2025 as: /usr/lib/nmap/nmap -oN 10.10.148.8.nmap.out -A -Pn -vv --reason -sS -p-1000 -oX /root/.msf4/local/msf-db-nmap-20250224-94748-59sho8.xml 10.10.148.8
Increasing send delay for 10.10.148.8 from 0 to 5 due to 201 out of 668 dropped probes since last increase.
Increasing send delay for 10.10.148.8 from 5 to 10 due to 11 out of 15 dropped probes since last increase.
Increasing send delay for 10.10.148.8 from 10 to 20 due to 11 out of 15 dropped probes since last increase.
Increasing send delay for 10.10.148.8 from 20 to 40 due to 11 out of 14 dropped probes since last increase.
Increasing send delay for 10.10.148.8 from 40 to 80 due to 11 out of 15 dropped probes since last increase.
Increasing send delay for 10.10.148.8 from 80 to 160 due to 11 out of 17 dropped probes since last increase.
Increasing send delay for 10.10.148.8 from 160 to 320 due to 11 out of 12 dropped probes since last increase.
Increasing send delay for 10.10.148.8 from 320 to 640 due to 11 out of 11 dropped probes since last increase.
Increasing send delay for 10.10.148.8 from 640 to 1000 due to 11 out of 11 dropped probes since last increase.
Nmap scan report for 10.10.148.8
Host is up, received user-set (0.11s latency).
Scanned at 2025-02-24 11:12:44 EST for 271s
Not shown: 997 closed tcp ports (reset)
PORT    STATE SERVICE      REASON          VERSION
135/tcp open  msrpc        syn-ack ttl 125 Microsoft Windows RPC
139/tcp open  netbios-ssn  syn-ack ttl 125 Microsoft Windows netbios-ssn
445/tcp open  microsoft-ds syn-ack ttl 125 Windows 7 Professional 7601 Service Pack 1 microsoft-ds (workgroup: WORKGROUP)
Device type: general purpose
Running: Microsoft Windows 2008|7|Vista|8.1
OS CPE: cpe:/o:microsoft:windows_server_2008:r2 cpe:/o:microsoft:windows_7 cpe:/o:microsoft:windows_vista cpe:/o:microsoft:windows_8.1
OS details: Microsoft Windows Vista SP2 or Windows 7 or Windows Server 2008 R2 or Windows 8.1
TCP/IP fingerprint:
OS:SCAN(V=7.95%E=4%D=2/24%OT=135%CT=1%CU=42194%PV=Y%DS=4%DC=T%G=Y%TM=67BC9B
OS:8B%P=aarch64-unknown-linux-gnu)SEQ(SP=104%GCD=1%ISR=109%TI=I%CI=I%II=I%S
OS:S=S%TS=7)OPS(O1=M509NW8ST11%O2=M509NW8ST11%O3=M509NW8NNT11%O4=M509NW8ST1
OS:1%O5=M509NW8ST11%O6=M509ST11)WIN(W1=2000%W2=2000%W3=2000%W4=2000%W5=2000
OS:%W6=2000)ECN(R=Y%DF=Y%T=80%W=2000%O=M509NW8NNS%CC=N%Q=)T1(R=Y%DF=Y%T=80%
OS:S=O%A=S+%F=AS%RD=0%Q=)T2(R=Y%DF=Y%T=80%W=0%S=Z%A=S%F=AR%O=%RD=0%Q=)T3(R=
OS:Y%DF=Y%T=80%W=0%S=Z%A=O%F=AR%O=%RD=0%Q=)T4(R=Y%DF=Y%T=80%W=0%S=A%A=O%F=R
OS:%O=%RD=0%Q=)T5(R=Y%DF=Y%T=80%W=0%S=Z%A=S+%F=AR%O=%RD=0%Q=)T6(R=Y%DF=Y%T=
OS:80%W=0%S=A%A=O%F=R%O=%RD=0%Q=)T7(R=Y%DF=Y%T=80%W=0%S=Z%A=S+%F=AR%O=%RD=0
OS:%Q=)U1(R=Y%DF=N%T=80%IPL=164%UN=0%RIPL=G%RID=G%RIPCK=G%RUCK=G%RUD=G)IE(R
OS:=Y%DFI=N%T=80%CD=Z)

Uptime guess: 0.039 days (since Mon Feb 24 10:21:05 2025)
Network Distance: 4 hops
TCP Sequence Prediction: Difficulty=260 (Good luck!)
IP ID Sequence Generation: Incremental
Service Info: Host: JON-PC; OS: Windows; CPE: cpe:/o:microsoft:windows

Host script results:
| smb2-security-mode: 
|   2:1:0: 
|_    Message signing enabled but not required
|_clock-skew: mean: 2h27m00s, deviation: 3h27m51s, median: 27m00s
| smb-security-mode: 
|   account_used: guest
|   authentication_level: user
|   challenge_response: supported
|_  message_signing: disabled (dangerous, but default)
| smb2-time: 
|   date: 2025-02-24T16:44:11
|_  start_date: 2025-02-24T15:50:26
| p2p-conficker: 
|   Checking for Conficker.C or higher...
|   Check 1 (port 59624/tcp): CLEAN (Couldn't connect)
|   Check 2 (port 14928/tcp): CLEAN (Couldn't connect)
|   Check 3 (port 38305/udp): CLEAN (Timeout)
|   Check 4 (port 31176/udp): CLEAN (Failed to receive data)
|_  0/4 checks are positive: Host is CLEAN or ports are blocked
| nbstat: NetBIOS name: JON-PC, NetBIOS user: <unknown>, NetBIOS MAC: 02:42:56:e6:e2:31 (unknown)
| Names:
|   JON-PC<00>           Flags: <unique><active>
|   WORKGROUP<00>        Flags: <group><active>
|   JON-PC<20>           Flags: <unique><active>
|   WORKGROUP<1e>        Flags: <group><active>
|   WORKGROUP<1d>        Flags: <unique><active>
|   \x01\x02__MSBROWSE__\x02<01>  Flags: <group><active>
| Statistics:
|   02:42:56:e6:e2:31:00:00:00:00:00:00:00:00:00:00:00
|   00:00:00:00:00:00:00:00:00:00:00:00:00:00:00:00:00
|_  00:00:00:00:00:00:00:00:00:00:00:00:00:00
| smb-os-discovery: 
|   OS: Windows 7 Professional 7601 Service Pack 1 (Windows 7 Professional 6.1)
|   OS CPE: cpe:/o:microsoft:windows_7::sp1:professional
|   Computer name: Jon-PC
|   NetBIOS computer name: JON-PC\x00
|   Workgroup: WORKGROUP\x00
|_  System time: 2025-02-24T10:44:10-06:00

TRACEROUTE (using port 554/tcp)
HOP RTT       ADDRESS
1   28.82 ms  10.6.0.1
2   ... 3
4   104.32 ms 10.10.148.8

Read data files from: /usr/share/nmap
OS and Service detection performed. Please report any incorrect results at https://nmap.org/submit/ .
# Nmap done at Mon Feb 24 11:17:15 2025 -- 1 IP address (1 host up) scanned in 270.89 seconds
